Performing C SOURCE FILE Test CMAKE_HAVE_LIBC_PTHREAD failed with the following output:
Change Dir: /home/yogesh/flip_ws/src/geom_flip/build/CMakeFiles/CMakeTmp

Run Build Command(s):/usr/bin/ninja cmTC_9e303 && [1/2] Building C object CMakeFiles/cmTC_9e303.dir/src.c.o
[2/2] Linking C executable cmTC_9e303
FAILED: cmTC_9e303 
: && /usr/bin/gcc -DCMAKE_HAVE_LIBC_PTHREAD  -rdynamic CMakeFiles/cmTC_9e303.dir/src.c.o  -o cmTC_9e303   && :
/usr/bin/ld: CMakeFiles/cmTC_9e303.dir/src.c.o: in function `main':
src.c:(.text+0x46): undefined reference to `pthread_create'
/usr/bin/ld: src.c:(.text+0x52): undefined reference to `pthread_detach'
/usr/bin/ld: src.c:(.text+0x63): undefined reference to `pthread_join'
collect2: error: ld returned 1 exit status
ninja: build stopped: subcommand failed.


Source file was:
#include <pthread.h>

void* test_func(void* data)
{
  return data;
}

int main(void)
{
  pthread_t thread;
  pthread_create(&thread, NULL, test_func, NULL);
  pthread_detach(thread);
  pthread_join(thread, NULL);
  pthread_atfork(NULL, NULL, NULL);
  pthread_exit(NULL);

  return 0;
}

Determining if the function pthread_create exists in the pthreads failed with the following output:
Change Dir: /home/yogesh/flip_ws/src/geom_flip/build/CMakeFiles/CMakeTmp

Run Build Command(s):/usr/bin/ninja cmTC_41411 && [1/2] Building C object CMakeFiles/cmTC_41411.dir/CheckFunctionExists.c.o
[2/2] Linking C executable cmTC_41411
FAILED: cmTC_41411 
: && /usr/bin/gcc -DCHECK_FUNCTION_EXISTS=pthread_create  -rdynamic CMakeFiles/cmTC_41411.dir/CheckFunctionExists.c.o  -o cmTC_41411  -lpthreads && :
/usr/bin/ld: cannot find -lpthreads
collect2: error: ld returned 1 exit status
ninja: build stopped: subcommand failed.



